<?xml version="1.0" encoding="UTF-8"?>
<!-- Generated by org.testng.reporters.JUnitReportReporter -->
<testsuite hostname="JKTNOLAP622" failures="0" tests="1" name="Log4j" time="0.816" errors="0" timestamp="07 Jan 2024 14:48:27 GMT" skipped="0">
  <testcase classname="Log4j" name="method" time="0.816"/>
</testsuite> <!-- Log4j -->
