<?xml version="1.0" encoding="UTF-8"?>
<!-- Generated by org.testng.reporters.JUnitReportReporter -->
<testsuite hostname="JKTNOLAP622" failures="0" tests="1" name="com.jktech.TestCases.LoginTest" time="24.342" errors="0" timestamp="10 Jan 2024 05:21:04 GMT" skipped="0">
  <testcase classname="com.jktech.TestCases.LoginTest" name="validLoginTest" time="24.342"/>
</testsuite> <!-- com.jktech.TestCases.LoginTest -->
